# JRE version: Java(TM) SE Runtime Environment (8.0_101-b13) (build 1.8.0_101-b13)
# Java VM: Java HotSpot(TM) 64-Bit Server VM (25.101-b13 mixed mode windows-amd64 compressed oops)
Heap:
 PSYoungGen      total 203776K, used 161340K [0x00000000d5580000, 0x00000000e3200000, 0x0000000100000000)
  eden space 184832K, 86% used [0x00000000d5580000,0x00000000df221490,0x00000000e0a00000)
  from space 18944K, 5% used [0x00000000e1d00000,0x00000000e1dedbb8,0x00000000e2f80000)
  to   space 19456K, 0% used [0x00000000e0a00000,0x00000000e0a00000,0x00000000e1d00000)
 ParOldGen       total 127488K, used 27593K [0x0000000080000000, 0x0000000087c80000, 0x00000000d5580000)
  object space 127488K, 21% used [0x0000000080000000,0x0000000081af25d8,0x0000000087c80000)
 Metaspace       used 58449K, capacity 60800K, committed 61144K, reserved 1101824K
  class space    used 7657K, capacity 8067K, committed 8192K, reserved 1048576K
GC Heap History (10 events):
Event: 11.144 GC heap before
{Heap before GC invocations=11 (full 2):
 PSYoungGen      total 128000K, used 112640K [0x00000000d5580000, 0x00000000de800000, 0x0000000100000000)
  eden space 112640K, 100% used [0x00000000d5580000,0x00000000dc380000,0x00000000dc380000)
  from space 15360K, 0% used [0x00000000dd300000,0x00000000dd300000,0x00000000de200000)
  to   space 15872K, 0% used [0x00000000dc380000,0x00000000dc380000,0x00000000dd300000)
 ParOldGen       total 97280K, used 17671K [0x0000000080000000, 0x0000000085f00000, 0x00000000d5580000)
  object space 97280K, 18% used [0x0000000080000000,0x0000000081141e20,0x0000000085f00000)
 Metaspace       used 46650K, capacity 48080K, committed 48512K, reserved 1091584K
  class space    used 6197K, capacity 6497K, committed 6528K, reserved 1048576K
Event: 11.167 GC heap after
Heap after GC invocations=11 (full 2):
 PSYoungGen      total 128512K, used 13914K [0x00000000d5580000, 0x00000000e0500000, 0x0000000100000000)
  eden space 112640K, 0% used [0x00000000d5580000,0x00000000d5580000,0x00000000dc380000)
  from space 15872K, 87% used [0x00000000dc380000,0x00000000dd116b08,0x00000000dd300000)
  to   space 17408K, 0% used [0x00000000df400000,0x00000000df400000,0x00000000e0500000)
 ParOldGen       total 97280K, used 17679K [0x0000000080000000, 0x0000000085f00000, 0x00000000d5580000)
  object space 97280K, 18% used [0x0000000080000000,0x0000000081143e20,0x0000000085f00000)
 Metaspace       used 46650K, capacity 48080K, committed 48512K, reserved 1091584K
  class space    used 6197K, capacity 6497K, committed 6528K, reserved 1048576K
}
Event: 13.497 GC heap before
{Heap before GC invocations=12 (full 2):
 PSYoungGen      total 128512K, used 126554K [0x00000000d5580000, 0x00000000e0500000, 0x0000000100000000)
  eden space 112640K, 100% used [0x00000000d5580000,0x00000000dc380000,0x00000000dc380000)
  from space 15872K, 87% used [0x00000000dc380000,0x00000000dd116b08,0x00000000dd300000)
  to   space 17408K, 0% used [0x00000000df400000,0x00000000df400000,0x00000000e0500000)
 ParOldGen       total 97280K, used 17679K [0x0000000080000000, 0x0000000085f00000, 0x00000000d5580000)
  object space 97280K, 18% used [0x0000000080000000,0x0000000081143e20,0x0000000085f00000)
 Metaspace       used 51800K, capacity 53768K, committed 53888K, reserved 1095680K
  class space    used 6903K, capacity 7271K, committed 7296K, reserved 1048576K
Event: 13.592 GC heap after
Heap after GC invocations=12 (full 2):
 PSYoungGen      total 161792K, used 12983K [0x00000000d5580000, 0x00000000e0a00000, 0x0000000100000000)
  eden space 144384K, 0% used [0x00000000d5580000,0x00000000d5580000,0x00000000de280000)
  from space 17408K, 74% used [0x00000000df400000,0x00000000e00adfd0,0x00000000e0500000)
  to   space 17920K, 0% used [0x00000000de280000,0x00000000de280000,0x00000000df400000)
 ParOldGen       total 97280K, used 17679K [0x0000000080000000, 0x0000000085f00000, 0x00000000d5580000)
  object space 97280K, 18% used [0x0000000080000000,0x0000000081143e20,0x0000000085f00000)
 Metaspace       used 51800K, capacity 53768K, committed 53888K, reserved 1095680K
  class space    used 6903K, capacity 7271K, committed 7296K, reserved 1048576K
}
Event: 158.008 GC heap before
{Heap before GC invocations=13 (full 2):
 PSYoungGen      total 161792K, used 107667K [0x00000000d5580000, 0x00000000e0a00000, 0x0000000100000000)
  eden space 144384K, 65% used [0x00000000d5580000,0x00000000db1f6ff0,0x00000000de280000)
  from space 17408K, 74% used [0x00000000df400000,0x00000000e00adfd0,0x00000000e0500000)
  to   space 17920K, 0% used [0x00000000de280000,0x00000000de280000,0x00000000df400000)
 ParOldGen       total 97280K, used 17679K [0x0000000080000000, 0x0000000085f00000, 0x00000000d5580000)
  object space 97280K, 18% used [0x0000000080000000,0x0000000081143e20,0x0000000085f00000)
 Metaspace       used 56812K, capacity 58992K, committed 59096K, reserved 1099776K
  class space    used 7529K, capacity 7913K, committed 7936K, reserved 1048576K
Event: 158.054 GC heap after
Heap after GC invocations=13 (full 2):
 PSYoungGen      total 162304K, used 14298K [0x00000000d5580000, 0x00000000e2f80000, 0x0000000100000000)
  eden space 144384K, 0% used [0x00000000d5580000,0x00000000d5580000,0x00000000de280000)
  from space 17920K, 79% used [0x00000000de280000,0x00000000df076850,0x00000000df400000)
  to   space 18944K, 0% used [0x00000000e1d00000,0x00000000e1d00000,0x00000000e2f80000)
 ParOldGen       total 97280K, used 17679K [0x0000000080000000, 0x0000000085f00000, 0x00000000d5580000)
  object space 97280K, 18% used [0x0000000080000000,0x0000000081143e20,0x0000000085f00000)
 Metaspace       used 56812K, capacity 58992K, committed 59096K, reserved 1099776K
  class space    used 7529K, capacity 7913K, committed 7936K, reserved 1048576K
}
Event: 158.054 GC heap before
{Heap before GC invocations=14 (full 3):
 PSYoungGen      total 162304K, used 14298K [0x00000000d5580000, 0x00000000e2f80000, 0x0000000100000000)
  eden space 144384K, 0% used [0x00000000d5580000,0x00000000d5580000,0x00000000de280000)
  from space 17920K, 79% used [0x00000000de280000,0x00000000df076850,0x00000000df400000)
  to   space 18944K, 0% used [0x00000000e1d00000,0x00000000e1d00000,0x00000000e2f80000)
 ParOldGen       total 97280K, used 17679K [0x0000000080000000, 0x0000000085f00000, 0x00000000d5580000)
  object space 97280K, 18% used [0x0000000080000000,0x0000000081143e20,0x0000000085f00000)
 Metaspace       used 56812K, capacity 58992K, committed 59096K, reserved 1099776K
  class space    used 7529K, capacity 7913K, committed 7936K, reserved 1048576K
Event: 158.244 GC heap after
Heap after GC invocations=14 (full 3):
 PSYoungGen      total 162304K, used 0K [0x00000000d5580000, 0x00000000e2f80000, 0x0000000100000000)
  eden space 144384K, 0% used [0x00000000d5580000,0x00000000d5580000,0x00000000de280000)
  from space 17920K, 0% used [0x00000000de280000,0x00000000de280000,0x00000000df400000)
  to   space 18944K, 0% used [0x00000000e1d00000,0x00000000e1d00000,0x00000000e2f80000)
 ParOldGen       total 127488K, used 27585K [0x0000000080000000, 0x0000000087c80000, 0x00000000d5580000)
  object space 127488K, 21% used [0x0000000080000000,0x0000000081af05d8,0x0000000087c80000)
 Metaspace       used 56811K, capacity 58986K, committed 59096K, reserved 1099776K
  class space    used 7528K, capacity 7912K, committed 7936K, reserved 1048576K
}
Event: 532.355 GC heap before
{Heap before GC invocations=15 (full 3):
 PSYoungGen      total 162304K, used 144384K [0x00000000d5580000, 0x00000000e2f80000, 0x0000000100000000)
  eden space 144384K, 100% used [0x00000000d5580000,0x00000000de280000,0x00000000de280000)
  from space 17920K, 0% used [0x00000000de280000,0x00000000de280000,0x00000000df400000)
  to   space 18944K, 0% used [0x00000000e1d00000,0x00000000e1d00000,0x00000000e2f80000)
 ParOldGen       total 127488K, used 27585K [0x0000000080000000, 0x0000000087c80000, 0x00000000d5580000)
  object space 127488K, 21% used [0x0000000080000000,0x0000000081af05d8,0x0000000087c80000)
 Metaspace       used 57554K, capacity 59782K, committed 59992K, reserved 1101824K
  class space    used 7617K, capacity 8020K, committed 8064K, reserved 1048576K
Event: 532.361 GC heap after
Heap after GC invocations=15 (full 3):
 PSYoungGen      total 203776K, used 950K [0x00000000d5580000, 0x00000000e3200000, 0x0000000100000000)
  eden space 184832K, 0% used [0x00000000d5580000,0x00000000d5580000,0x00000000e0a00000)
  from space 18944K, 5% used [0x00000000e1d00000,0x00000000e1dedbb8,0x00000000e2f80000)
  to   space 19456K, 0% used [0x00000000e0a00000,0x00000000e0a00000,0x00000000e1d00000)
 ParOldGen       total 127488K, used 27593K [0x0000000080000000, 0x0000000087c80000, 0x00000000d5580000)
  object space 127488K, 21% used [0x0000000080000000,0x0000000081af25d8,0x0000000087c80000)
 Metaspace       used 57554K, capacity 59782K, committed 59992K, reserved 1101824K
  class space    used 7617K, capacity 8020K, committed 8064K, reserved 1048576K
}

